<?xml version="1.0" encoding="UTF-8"?>
<!-- Generated by org.testng.reporters.JUnitReportReporter -->
<testsuite hostname="DAMARIS-PC" failures="0" tests="1" name="com.inetbanking.testCases.TC_LoginTest_001" time="1.156" errors="0" timestamp="2021-06-27T11:48:34 EAT" skipped="0">
  <testcase classname="com.inetbanking.testCases.TC_LoginTest_001" name="loginTest" time="1.156"/>
  <system-out/>
</testsuite> <!-- com.inetbanking.testCases.TC_LoginTest_001 -->
