<?xml version="1.0" encoding="UTF-8"?>
<!-- Generated by org.testng.reporters.JUnitReportReporter -->
<testsuite hostname="DAMARIS-PC" failures="0" tests="1" name="com.inetbanking.testCases.TC_AddCustomerTest_003" time="15.560" errors="0" timestamp="2021-06-27T14:50:58 EAT" skipped="0">
  <testcase classname="com.inetbanking.testCases.TC_AddCustomerTest_003" name="addNewCustomer" time="15.560"/>
  <system-out/>
</testsuite> <!-- com.inetbanking.testCases.TC_AddCustomerTest_003 -->
